<?xml version="1.0" encoding="UTF-8"?>
<testng-results ignored="0" total="1" passed="1" failed="0" skipped="0">
  <reporter-output>
    <line>
      <![CDATA[Request completed]]>
    </line>
  </reporter-output>
  <suite started-at="2023-10-25T14:13:28 IST" name="Default suite" finished-at="2023-10-25T14:13:32 IST" duration-ms="4119">
    <groups>
    </groups>
    <test started-at="2023-10-25T14:13:28 IST" name="Default test" finished-at="2023-10-25T14:13:32 IST" duration-ms="4119">
      <class name="github.CRUDOperations.SearchRepoTest">
        <test-method is-config="true" signature="methodConfig()[pri:0, instance:github.CRUDOperations.SearchRepoTest@5d7148e2]" started-at="2023-10-25T14:13:28 IST" name="methodConfig" finished-at="2023-10-25T14:13:29 IST" duration-ms="890" status="PASS">
          <reporter-output>
          </reporter-output>
        </test-method> <!-- methodConfig -->
        <test-method signature="searchRepoTest()[pri:0, instance:github.CRUDOperations.SearchRepoTest@5d7148e2]" started-at="2023-10-25T14:13:29 IST" name="searchRepoTest" finished-at="2023-10-25T14:13:32 IST" duration-ms="3176" status="PASS">
          <reporter-output>
          </reporter-output>
        </test-method> <!-- searchRepoTest -->
        <test-method is-config="true" signature="MethodTearDown()[pri:0, instance:github.CRUDOperations.SearchRepoTest@5d7148e2]" started-at="2023-10-25T14:13:32 IST" name="MethodTearDown" finished-at="2023-10-25T14:13:32 IST" duration-ms="2" status="PASS">
          <reporter-output>
            <line>
              <![CDATA[Request completed]]>
            </line>
          </reporter-output>
        </test-method> <!-- MethodTearDown -->
      </class> <!-- github.CRUDOperations.SearchRepoTest -->
    </test> <!-- Default test -->
  </suite> <!-- Default suite -->
</testng-results>
